\BOOKMARK [1][-]{section.1}{Introduction}{}% 1
\BOOKMARK [1][-]{section.2}{Technical Approach}{}% 2
\BOOKMARK [2][-]{subsection.2.1}{Problem Statement}{section.2}% 3
\BOOKMARK [2][-]{subsection.2.2}{Sensors}{section.2}% 4
\BOOKMARK [2][-]{subsection.2.3}{Estimation}{section.2}% 5
\BOOKMARK [3][-]{subsubsection.2.3.1}{RTAB-Map}{subsection.2.3}% 6
\BOOKMARK [3][-]{subsubsection.2.3.2}{Visual Odometry}{subsection.2.3}% 7
\BOOKMARK [3][-]{subsubsection.2.3.3}{RMEKF}{subsection.2.3}% 8
\BOOKMARK [2][-]{subsection.2.4}{Control}{section.2}% 9
\BOOKMARK [3][-]{subsubsection.2.4.1}{Waypoint Planner}{subsection.2.4}% 10
\BOOKMARK [3][-]{subsubsection.2.4.2}{Waypoint Manager}{subsection.2.4}% 11
\BOOKMARK [3][-]{subsubsection.2.4.3}{Position Controller}{subsection.2.4}% 12
\BOOKMARK [3][-]{subsubsection.2.4.4}{Obstacle Avoidance}{subsection.2.4}% 13
\BOOKMARK [3][-]{subsubsection.2.4.5}{Attitude Controller}{subsection.2.4}% 14
\BOOKMARK [2][-]{subsection.2.5}{Inputs/Outputs}{section.2}% 15
\BOOKMARK [1][-]{section.3}{Planning}{}% 16
\BOOKMARK [2][-]{subsection.3.1}{Global Goal Following with Relative Estimation}{section.3}% 17
\BOOKMARK [2][-]{subsection.3.2}{Reactive Path Planning}{section.3}% 18
\BOOKMARK [3][-]{subsubsection.3.2.1}{Efficient Collision Detection}{subsection.3.2}% 19
\BOOKMARK [1][-]{section.4}{Map Merging}{}% 20
\BOOKMARK [1][-]{section.5}{Results and Discussion}{}% 21
\BOOKMARK [2][-]{subsection.5.1}{Simulation}{section.5}% 22
\BOOKMARK [2][-]{subsection.5.2}{Hardware}{section.5}% 23
\BOOKMARK [1][-]{section.6}{Conclusions}{}% 24
\BOOKMARK [1][-]{section*.2}{References}{}% 25
